<?xml version="1.0" encoding="UTF-8"?>
<coverage generated="1617996312184" clover="3.2.0">
  <project timestamp="1617996312185" name="All files">
    <metrics statements="13" coveredstatements="1" conditionals="0" coveredconditionals="0" methods="7" coveredmethods="2" elements="20" coveredelements="3" complexity="0" loc="13" ncloc="13" packages="1" files="2" classes="2"/>
    <file name="formHandler.js" path="F:\My Work\Udacity\Advanced Frontend Development\Projects\fend-project-1\src\client\js\formHandler.js">
      <metrics statements="12" coveredstatements="0" conditionals="0" coveredconditionals="0" methods="5" coveredmethods="0"/>
      <line num="2" count="0" type="stmt"/>
      <line num="5" count="0" type="stmt"/>
      <line num="7" count="0" type="stmt"/>
      <line num="10" count="0" type="stmt"/>
      <line num="11" count="0" type="stmt"/>
      <line num="12" count="0" type="stmt"/>
      <line num="13" count="0" type="stmt"/>
      <line num="15" count="0" type="stmt"/>
      <line num="21" count="0" type="stmt"/>
      <line num="22" count="0" type="stmt"/>
      <line num="24" count="0" type="stmt"/>
      <line num="26" count="0" type="stmt"/>
    </file>
    <file name="getApiKey.js" path="F:\My Work\Udacity\Advanced Frontend Development\Projects\fend-project-1\src\client\js\getApiKey.js">
      <metrics statements="1" coveredstatements="1" conditionals="0" coveredconditionals="0" methods="2" coveredmethods="2"/>
      <line num="2" count="1" type="stmt"/>
    </file>
  </project>
</coverage>
