{"F:\\My Work\\Udacity\\Advanced Frontend Development\\Projects\\fend-project-1\\src\\client\\js\\formHandler.js": {"path":"F:\\My Work\\Udacity\\Advanced Frontend Development\\Projects\\fend-project-1\\src\\client\\js\\formHandler.js","statementMap":{"0":{"start":{"line":2,"column":4},"end":{"line":2,"column":26}},"1":{"start":{"line":5,"column":19},"end":{"line":5,"column":56}},"2":{"start":{"line":7,"column":4},"end":{"line":27,"column":7}},"3":{"start":{"line":10,"column":25},"end":{"line":10,"column":39}},"4":{"start":{"line":11,"column":8},"end":{"line":11,"column":48}},"5":{"start":{"line":12,"column":8},"end":{"line":12,"column":46}},"6":{"start":{"line":13,"column":8},"end":{"line":13,"column":38}},"7":{"start":{"line":15,"column":31},"end":{"line":19,"column":9}},"8":{"start":{"line":21,"column":8},"end":{"line":26,"column":53}},"9":{"start":{"line":22,"column":33},"end":{"line":22,"column":55}},"10":{"start":{"line":24,"column":12},"end":{"line":24,"column":90}},"11":{"start":{"line":26,"column":24},"end":{"line":26,"column":51}}},"fnMap":{"0":{"name":"handleSubmit","decl":{"start":{"line":1,"column":9},"end":{"line":1,"column":21}},"loc":{"start":{"line":1,"column":29},"end":{"line":28,"column":1}},"line":1},"1":{"name":"(anonymous_1)","decl":{"start":{"line":8,"column":10},"end":{"line":8,"column":11}},"loc":{"start":{"line":8,"column":20},"end":{"line":27,"column":5}},"line":8},"2":{"name":"(anonymous_2)","decl":{"start":{"line":22,"column":14},"end":{"line":22,"column":15}},"loc":{"start":{"line":22,"column":33},"end":{"line":22,"column":55}},"line":22},"3":{"name":"(anonymous_3)","decl":{"start":{"line":23,"column":14},"end":{"line":23,"column":15}},"loc":{"start":{"line":23,"column":33},"end":{"line":25,"column":9}},"line":23},"4":{"name":"(anonymous_4)","decl":{"start":{"line":26,"column":15},"end":{"line":26,"column":16}},"loc":{"start":{"line":26,"column":24},"end":{"line":26,"column":51}},"line":26}},"branchMap":{},"s":{"0":0,"1":0,"2":0,"3":0,"4":0,"5":0,"6":0,"7":0,"8":0,"9":0,"10":0,"11":0},"f":{"0":0,"1":0,"2":0,"3":0,"4":0},"b":{},"_coverageSchema":"1a1c01bbd47fc00a2c39e90264f33305004495a9","hash":"1fcdc610564e3610219922a89e95ca4004a5341c"}
,"F:\\My Work\\Udacity\\Advanced Frontend Development\\Projects\\fend-project-1\\src\\client\\js\\getApiKey.js": {"path":"F:\\My Work\\Udacity\\Advanced Frontend Development\\Projects\\fend-project-1\\src\\client\\js\\getApiKey.js","statementMap":{"0":{"start":{"line":2,"column":4},"end":{"line":2,"column":73}},"1":{"start":{"line":2,"column":61},"end":{"line":2,"column":71}}},"fnMap":{"0":{"name":"getApiKey","decl":{"start":{"line":1,"column":9},"end":{"line":1,"column":18}},"loc":{"start":{"line":1,"column":21},"end":{"line":3,"column":1}},"line":1},"1":{"name":"(anonymous_1)","decl":{"start":{"line":2,"column":54},"end":{"line":2,"column":55}},"loc":{"start":{"line":2,"column":61},"end":{"line":2,"column":71}},"line":2}},"branchMap":{},"s":{"0":1,"1":1},"f":{"0":1,"1":1},"b":{},"_coverageSchema":"1a1c01bbd47fc00a2c39e90264f33305004495a9","hash":"85c8d411eeebc8cb84a96861eb4b80d17f597f5e"}
}
