TN:
SF:src\client\js\formHandler.js
FN:1,handleSubmit
FN:8,(anonymous_1)
FN:22,(anonymous_2)
FN:23,(anonymous_3)
FN:26,(anonymous_4)
FNF:5
FNH:0
FNDA:0,handleSubmit
FNDA:0,(anonymous_1)
FNDA:0,(anonymous_2)
FNDA:0,(anonymous_3)
FNDA:0,(anonymous_4)
DA:2,0
DA:5,0
DA:7,0
DA:10,0
DA:11,0
DA:12,0
DA:13,0
DA:15,0
DA:21,0
DA:22,0
DA:24,0
DA:26,0
LF:12
LH:0
BRF:0
BRH:0
end_of_record
TN:
SF:src\client\js\getApiKey.js
FN:1,getApiKey
FN:2,(anonymous_1)
FNF:2
FNH:2
FNDA:1,getApiKey
FNDA:1,(anonymous_1)
DA:2,1
LF:1
LH:1
BRF:0
BRH:0
end_of_record
